0 info it worked if it ends with ok
1 verbose cli [ '/usr/local/bin/node', '/usr/local/bin/npm', 'run', 'dev' ]
2 info using npm@3.8.9
3 info using node@v6.2.0
4 verbose run-script [ 'predev', 'dev', 'postdev' ]
5 info lifecycle plus-app@0.1.0~predev: plus-app@0.1.0
6 silly lifecycle plus-app@0.1.0~predev: no script for predev, continuing
7 info lifecycle plus-app@0.1.0~dev: plus-app@0.1.0
8 verbose lifecycle plus-app@0.1.0~dev: unsafe-perm in lifecycle true
9 verbose lifecycle plus-app@0.1.0~dev: PATH: /usr/local/lib/node_modules/npm/bin/node-gyp-bin:/Users/jefe/Documents/plus/plus/node_modules/.bin:/usr/local/bin:/Users/jefe/google-cloud-sdk/bin:/usr/local/bin:/usr/bin:/bin:/usr/sbin:/sbin
10 verbose lifecycle plus-app@0.1.0~dev: CWD: /Users/jefe/Documents/plus/plus
11 silly lifecycle plus-app@0.1.0~dev: Args: [ '-c',
11 silly lifecycle   'watchify --detect-globals --ignore-missing -vd -e src/main.js -o www/dist/build.js & superstatic www/' ]
12 silly lifecycle plus-app@0.1.0~dev: Returned: code: 1  signal: null
13 info lifecycle plus-app@0.1.0~dev: Failed to exec dev script
14 verbose stack Error: plus-app@0.1.0 dev: `watchify --detect-globals --ignore-missing -vd -e src/main.js -o www/dist/build.js & superstatic www/`
14 verbose stack Exit status 1
14 verbose stack     at EventEmitter.<anonymous> (/usr/local/lib/node_modules/npm/lib/utils/lifecycle.js:245:16)
14 verbose stack     at emitTwo (events.js:106:13)
14 verbose stack     at EventEmitter.emit (events.js:191:7)
14 verbose stack     at ChildProcess.<anonymous> (/usr/local/lib/node_modules/npm/lib/utils/spawn.js:24:14)
14 verbose stack     at emitTwo (events.js:106:13)
14 verbose stack     at ChildProcess.emit (events.js:191:7)
14 verbose stack     at maybeClose (internal/child_process.js:850:16)
14 verbose stack     at Process.ChildProcess._handle.onexit (internal/child_process.js:215:5)
15 verbose pkgid plus-app@0.1.0
16 verbose cwd /Users/jefe/Documents/plus/plus/platforms/ios
17 error Darwin 15.5.0
18 error argv "/usr/local/bin/node" "/usr/local/bin/npm" "run" "dev"
19 error node v6.2.0
20 error npm  v3.8.9
21 error code ELIFECYCLE
22 error plus-app@0.1.0 dev: `watchify --detect-globals --ignore-missing -vd -e src/main.js -o www/dist/build.js & superstatic www/`
22 error Exit status 1
23 error Failed at the plus-app@0.1.0 dev script 'watchify --detect-globals --ignore-missing -vd -e src/main.js -o www/dist/build.js & superstatic www/'.
23 error Make sure you have the latest version of node.js and npm installed.
23 error If you do, this is most likely a problem with the plus-app package,
23 error not with npm itself.
23 error Tell the author that this fails on your system:
23 error     watchify --detect-globals --ignore-missing -vd -e src/main.js -o www/dist/build.js & superstatic www/
23 error You can get information on how to open an issue for this project with:
23 error     npm bugs plus-app
23 error Or if that isn't available, you can get their info via:
23 error     npm owner ls plus-app
23 error There is likely additional logging output above.
24 verbose exit [ 1, true ]
